Using pre-set license
Built from '2020.2/release' branch; Version is '2020.2.0f1 (3721df5a8b28) revision 3613151'; Using compiler version '192528614'; Build Type 'Release'
OS: 'Windows 10  (10.0.0) 64bit' Language: 'en' Physical Memory: 16319 MB
BatchMode: 1, IsHumanControllingUs: 0, StartBugReporterOnCrash: 0, Is64bit: 1, IsPro: 0

 COMMAND LINE ARGUMENTS:
C:\Program Files\Unity\Hub\Editor\2020.2.0f1\Editor\Unity.exe
-adb2
-batchMode
-noUpm
-name
AssetImportWorker0
-projectPath
C:/Users/iamty/Documents/GitHub/Game3002/TylerMiles_Game3002_A1
-logFile
Logs/AssetImportWorker0.log
-srvPort
54553
Successfully changed project path to: C:/Users/iamty/Documents/GitHub/Game3002/TylerMiles_Game3002_A1
C:/Users/iamty/Documents/GitHub/Game3002/TylerMiles_Game3002_A1
Using Asset Import Pipeline V2.
Refreshing native plugins compatible for Editor in 22.50 ms, found 0 plugins.
Preloading 0 native plugins for Editor in 0.00 ms.
Initialize engine version: 2020.2.0f1 (3721df5a8b28)
[Subsystems] Discovering subsystems at path C:/Program Files/Unity/Hub/Editor/2020.2.0f1/Editor/Data/Resources/UnitySubsystems
[Subsystems] Discovering subsystems at path C:/Users/iamty/Documents/GitHub/Game3002/TylerMiles_Game3002_A1/Assets
GfxDevice: creating device client; threaded=0
Direct3D:
    Version:  Direct3D 11.0 [level 11.1]
    Renderer: NVIDIA GeForce RTX 3070 (ID=0x2484)
    Vendor:   
    VRAM:     8043 MB
    Driver:   27.21.14.6109
Initialize mono
Mono path[0] = 'C:/Program Files/Unity/Hub/Editor/2020.2.0f1/Editor/Data/Managed'
Mono path[1] = 'C:/Program Files/Unity/Hub/Editor/2020.2.0f1/Editor/Data/MonoBleedingEdge/lib/mono/unityjit'
Mono config path = 'C:/Program Files/Unity/Hub/Editor/2020.2.0f1/Editor/Data/MonoBleedingEdge/etc'
Using monoOptions --debugger-agent=transport=dt_socket,embedding=1,server=y,suspend=n,address=127.0.0.1:56096
Begin MonoManager ReloadAssembly
Registering precompiled unity dll's ...
Register platform support module: C:/Program Files/Unity/Hub/Editor/2020.2.0f1/Editor/Data/PlaybackEngines/WindowsStandaloneSupport/UnityEditor.WindowsStandalone.Extensions.dll
Registered in 0.001225 seconds.
Native extension for WindowsStandalone target not found
Refreshing native plugins compatible for Editor in 24.33 ms, found 0 plugins.
Preloading 0 native plugins for Editor in 0.00 ms.
Invoked RoslynAnalysisRunner static constructor.
RoslynAnalysisRunner will not be running.
RoslynAnalysisRunner has terminated.
Mono: successfully reloaded assembly
- Completed reload, in  0.749 seconds
Platform modules already initialized, skipping
Registering precompiled user dll's ...
Registered in 0.000479 seconds.
Begin MonoManager ReloadAssembly
Native extension for WindowsStandalone target not found
Refreshing native plugins compatible for Editor in 0.16 ms, found 0 plugins.
Preloading 0 native plugins for Editor in 0.00 ms.
Invoked RoslynAnalysisRunner static constructor.
RoslynAnalysisRunner will not be running.
RoslynAnalysisRunner has terminated.
Mono: successfully reloaded assembly
- Completed reload, in  0.652 seconds
Platform modules already initialized, skipping
========================================================================
Worker process is ready to serve import requests
Launched and connected shader compiler UnityShaderCompiler.exe after 0.03 seconds
Refreshing native plugins compatible for Editor in 0.16 ms, found 0 plugins.
Preloading 0 native plugins for Editor in 0.00 ms.
Unloading 1076 Unused Serialized files (Serialized files now loaded: 0)
System memory in use before: 56.3 MB.
System memory in use after: 56.4 MB.

Unloading 9 unused Assets to reduce memory usage. Loaded Objects now: 1519.
Total: 2.141300 ms (FindLiveObjects: 0.479300 ms CreateObjectMapping: 0.406800 ms MarkObjects: 1.215900 ms  DeleteObjects: 0.037600 ms)

========================================================================
Received Import Request.
  path: Assets/AudioBehaviour.cs
  artifactKey: Guid(14e078bec7413a4468bb0fa664323ced) Importer(815301076,1909f56bfc062723c751e8b465ee728b)
Start importing Assets/AudioBehaviour.cs using Guid(14e078bec7413a4468bb0fa664323ced) Importer(815301076,1909f56bfc062723c751e8b465ee728b)  -> (artifact id: '250e38e9b81e6bbb91445827a14885f3') in 0.018411 seconds
  Import took 0.020085 seconds .

========================================================================
Received Prepare
Registering precompiled user dll's ...
Registered in 0.000493 seconds.
Begin MonoManager ReloadAssembly
Native extension for WindowsStandalone target not found
Refreshing native plugins compatible for Editor in 0.17 ms, found 0 plugins.
Preloading 0 native plugins for Editor in 0.00 ms.
Invoked RoslynAnalysisRunner static constructor.
RoslynAnalysisRunner will not be running.
RoslynAnalysisRunner has terminated.
Mono: successfully reloaded assembly
- Completed reload, in  0.692 seconds
Platform modules already initialized, skipping
Refreshing native plugins compatible for Editor in 0.16 ms, found 0 plugins.
Preloading 0 native plugins for Editor in 0.00 ms.
Unloading 1071 Unused Serialized files (Serialized files now loaded: 0)
System memory in use before: 56.3 MB.
System memory in use after: 56.4 MB.

Unloading 4 unused Assets to reduce memory usage. Loaded Objects now: 1521.
Total: 1.062700 ms (FindLiveObjects: 0.098100 ms CreateObjectMapping: 0.025600 ms MarkObjects: 0.927400 ms  DeleteObjects: 0.010500 ms)

========================================================================
Received Import Request.
  Time since last request: 33.109238 seconds.
  path: Assets/BallBehaviourScript.cs
  artifactKey: Guid(1935410505a34aa40a79c354127bb0ff) Importer(815301076,1909f56bfc062723c751e8b465ee728b)
Start importing Assets/BallBehaviourScript.cs using Guid(1935410505a34aa40a79c354127bb0ff) Importer(815301076,1909f56bfc062723c751e8b465ee728b)  -> (artifact id: 'ab761942596ff4a42541fd51c72a573d') in 0.007118 seconds
  Import took 0.008556 seconds .

========================================================================
Received Import Request.
  Time since last request: 1063.340733 seconds.
  path: Assets/BallBehaviourScript.cs
  artifactKey: Guid(1935410505a34aa40a79c354127bb0ff) Importer(815301076,1909f56bfc062723c751e8b465ee728b)
Start importing Assets/BallBehaviourScript.cs using Guid(1935410505a34aa40a79c354127bb0ff) Importer(815301076,1909f56bfc062723c751e8b465ee728b)  -> (artifact id: '071fda9ed324f5006a23b194235822e8') in 0.002259 seconds
  Import took 0.004264 seconds .

========================================================================
Received Prepare
Registering precompiled user dll's ...
Registered in 0.000444 seconds.
Begin MonoManager ReloadAssembly
Native extension for WindowsStandalone target not found
Refreshing native plugins compatible for Editor in 0.16 ms, found 0 plugins.
Preloading 0 native plugins for Editor in 0.00 ms.
Invoked RoslynAnalysisRunner static constructor.
RoslynAnalysisRunner will not be running.
RoslynAnalysisRunner has terminated.
Mono: successfully reloaded assembly
- Completed reload, in  0.611 seconds
Platform modules already initialized, skipping
Refreshing native plugins compatible for Editor in 0.15 ms, found 0 plugins.
Preloading 0 native plugins for Editor in 0.00 ms.
Unloading 1071 Unused Serialized files (Serialized files now loaded: 0)
System memory in use before: 56.6 MB.
System memory in use after: 56.7 MB.

Unloading 4 unused Assets to reduce memory usage. Loaded Objects now: 1523.
Total: 1.385600 ms (FindLiveObjects: 0.095800 ms CreateObjectMapping: 0.025700 ms MarkObjects: 1.250900 ms  DeleteObjects: 0.012400 ms)

========================================================================
Received Import Request.
  Time since last request: 10.031782 seconds.
  path: Assets/BallBehaviourScript.cs
  artifactKey: Guid(1935410505a34aa40a79c354127bb0ff) Importer(815301076,1909f56bfc062723c751e8b465ee728b)
Start importing Assets/BallBehaviourScript.cs using Guid(1935410505a34aa40a79c354127bb0ff) Importer(815301076,1909f56bfc062723c751e8b465ee728b)  -> (artifact id: '015bab7c777c7317fc410e11f3da4e4e') in 0.003232 seconds
  Import took 0.004613 seconds .

========================================================================
Received Prepare
Registering precompiled user dll's ...
Registered in 0.000469 seconds.
Begin MonoManager ReloadAssembly
Native extension for WindowsStandalone target not found
Refreshing native plugins compatible for Editor in 0.16 ms, found 0 plugins.
Preloading 0 native plugins for Editor in 0.00 ms.
Invoked RoslynAnalysisRunner static constructor.
RoslynAnalysisRunner will not be running.
RoslynAnalysisRunner has terminated.
Mono: successfully reloaded assembly
- Completed reload, in  0.584 seconds
Platform modules already initialized, skipping
Refreshing native plugins compatible for Editor in 0.15 ms, found 0 plugins.
Preloading 0 native plugins for Editor in 0.00 ms.
Unloading 1071 Unused Serialized files (Serialized files now loaded: 0)
System memory in use before: 56.8 MB.
System memory in use after: 56.9 MB.

Unloading 4 unused Assets to reduce memory usage. Loaded Objects now: 1525.
Total: 1.061200 ms (FindLiveObjects: 0.091300 ms CreateObjectMapping: 0.023900 ms MarkObjects: 0.934900 ms  DeleteObjects: 0.010000 ms)

========================================================================
Received Import Request.
  Time since last request: 19.142994 seconds.
  path: Assets/BallBehaviourScript.cs
  artifactKey: Guid(1935410505a34aa40a79c354127bb0ff) Importer(815301076,1909f56bfc062723c751e8b465ee728b)
Start importing Assets/BallBehaviourScript.cs using Guid(1935410505a34aa40a79c354127bb0ff) Importer(815301076,1909f56bfc062723c751e8b465ee728b)  -> (artifact id: 'f9682d8865c03787926b0c698ef67301') in 0.004118 seconds
  Import took 0.005545 seconds .

========================================================================
Received Prepare
Registering precompiled user dll's ...
Registered in 0.000484 seconds.
Begin MonoManager ReloadAssembly
Native extension for WindowsStandalone target not found
Refreshing native plugins compatible for Editor in 0.15 ms, found 0 plugins.
Preloading 0 native plugins for Editor in 0.00 ms.
Invoked RoslynAnalysisRunner static constructor.
RoslynAnalysisRunner will not be running.
RoslynAnalysisRunner has terminated.
Mono: successfully reloaded assembly
- Completed reload, in  0.586 seconds
Platform modules already initialized, skipping
Refreshing native plugins compatible for Editor in 0.33 ms, found 0 plugins.
Preloading 0 native plugins for Editor in 0.00 ms.
Unloading 1071 Unused Serialized files (Serialized files now loaded: 0)
System memory in use before: 57.2 MB.
System memory in use after: 57.3 MB.

Unloading 4 unused Assets to reduce memory usage. Loaded Objects now: 1527.
Total: 1.107600 ms (FindLiveObjects: 0.091200 ms CreateObjectMapping: 0.025600 ms MarkObjects: 0.979000 ms  DeleteObjects: 0.010600 ms)

========================================================================
Received Import Request.
  Time since last request: 17.599688 seconds.
  path: Assets/BallBehaviourScript.cs
  artifactKey: Guid(1935410505a34aa40a79c354127bb0ff) Importer(815301076,1909f56bfc062723c751e8b465ee728b)
Start importing Assets/BallBehaviourScript.cs using Guid(1935410505a34aa40a79c354127bb0ff) Importer(815301076,1909f56bfc062723c751e8b465ee728b)  -> (artifact id: '2f7d0fec37fcef620094a136ce4e7405') in 0.003542 seconds
  Import took 0.004955 seconds .

========================================================================
Received Prepare
Registering precompiled user dll's ...
Registered in 0.000489 seconds.
Begin MonoManager ReloadAssembly
Native extension for WindowsStandalone target not found
Refreshing native plugins compatible for Editor in 0.17 ms, found 0 plugins.
Preloading 0 native plugins for Editor in 0.00 ms.
Invoked RoslynAnalysisRunner static constructor.
RoslynAnalysisRunner will not be running.
RoslynAnalysisRunner has terminated.
Mono: successfully reloaded assembly
- Completed reload, in  0.602 seconds
Platform modules already initialized, skipping
Refreshing native plugins compatible for Editor in 0.16 ms, found 0 plugins.
Preloading 0 native plugins for Editor in 0.00 ms.
Unloading 1071 Unused Serialized files (Serialized files now loaded: 0)
System memory in use before: 57.5 MB.
System memory in use after: 57.6 MB.

Unloading 4 unused Assets to reduce memory usage. Loaded Objects now: 1529.
Total: 1.139000 ms (FindLiveObjects: 0.114900 ms CreateObjectMapping: 0.047700 ms MarkObjects: 0.963300 ms  DeleteObjects: 0.012100 ms)

========================================================================
Received Prepare
Registering precompiled user dll's ...
Registered in 0.000472 seconds.
Begin MonoManager ReloadAssembly
Native extension for WindowsStandalone target not found
Refreshing native plugins compatible for Editor in 0.28 ms, found 0 plugins.
Preloading 0 native plugins for Editor in 0.00 ms.
Invoked RoslynAnalysisRunner static constructor.
RoslynAnalysisRunner will not be running.
RoslynAnalysisRunner has terminated.
Mono: successfully reloaded assembly
- Completed reload, in  0.597 seconds
Platform modules already initialized, skipping
Refreshing native plugins compatible for Editor in 0.16 ms, found 0 plugins.
Preloading 0 native plugins for Editor in 0.00 ms.
Unloading 1071 Unused Serialized files (Serialized files now loaded: 0)
System memory in use before: 57.8 MB.
System memory in use after: 57.9 MB.

Unloading 4 unused Assets to reduce memory usage. Loaded Objects now: 1531.
Total: 1.081200 ms (FindLiveObjects: 0.097300 ms CreateObjectMapping: 0.026000 ms MarkObjects: 0.945800 ms  DeleteObjects: 0.010800 ms)

========================================================================
Received Prepare
Registering precompiled user dll's ...
Registered in 0.000482 seconds.
Begin MonoManager ReloadAssembly
Native extension for WindowsStandalone target not found
Refreshing native plugins compatible for Editor in 0.16 ms, found 0 plugins.
Preloading 0 native plugins for Editor in 0.00 ms.
Invoked RoslynAnalysisRunner static constructor.
RoslynAnalysisRunner will not be running.
RoslynAnalysisRunner has terminated.
Mono: successfully reloaded assembly
- Completed reload, in  0.596 seconds
Platform modules already initialized, skipping
Refreshing native plugins compatible for Editor in 0.16 ms, found 0 plugins.
Preloading 0 native plugins for Editor in 0.00 ms.
Unloading 1071 Unused Serialized files (Serialized files now loaded: 0)
System memory in use before: 57.8 MB.
System memory in use after: 57.9 MB.

Unloading 4 unused Assets to reduce memory usage. Loaded Objects now: 1533.
Total: 1.141500 ms (FindLiveObjects: 0.093500 ms CreateObjectMapping: 0.025400 ms MarkObjects: 1.012000 ms  DeleteObjects: 0.009800 ms)

========================================================================
Received Prepare
Registering precompiled user dll's ...
Registered in 0.000454 seconds.
Begin MonoManager ReloadAssembly
Native extension for WindowsStandalone target not found
Refreshing native plugins compatible for Editor in 0.16 ms, found 0 plugins.
Preloading 0 native plugins for Editor in 0.00 ms.
Invoked RoslynAnalysisRunner static constructor.
RoslynAnalysisRunner will not be running.
RoslynAnalysisRunner has terminated.
Mono: successfully reloaded assembly
- Completed reload, in  0.605 seconds
Platform modules already initialized, skipping
Refreshing native plugins compatible for Editor in 0.15 ms, found 0 plugins.
Preloading 0 native plugins for Editor in 0.00 ms.
Unloading 1071 Unused Serialized files (Serialized files now loaded: 0)
System memory in use before: 57.4 MB.
System memory in use after: 57.5 MB.

Unloading 4 unused Assets to reduce memory usage. Loaded Objects now: 1535.
Total: 1.264200 ms (FindLiveObjects: 0.139200 ms CreateObjectMapping: 0.048900 ms MarkObjects: 1.059100 ms  DeleteObjects: 0.015800 ms)

========================================================================
Received Prepare
Registering precompiled user dll's ...
Registered in 0.000457 seconds.
Begin MonoManager ReloadAssembly
Native extension for WindowsStandalone target not found
Refreshing native plugins compatible for Editor in 0.16 ms, found 0 plugins.
Preloading 0 native plugins for Editor in 0.00 ms.
Invoked RoslynAnalysisRunner static constructor.
RoslynAnalysisRunner will not be running.
RoslynAnalysisRunner has terminated.
Mono: successfully reloaded assembly
- Completed reload, in  0.585 seconds
Platform modules already initialized, skipping
Refreshing native plugins compatible for Editor in 0.22 ms, found 0 plugins.
Preloading 0 native plugins for Editor in 0.00 ms.
Unloading 1071 Unused Serialized files (Serialized files now loaded: 0)
System memory in use before: 57.7 MB.
System memory in use after: 57.8 MB.

Unloading 4 unused Assets to reduce memory usage. Loaded Objects now: 1537.
Total: 1.209400 ms (FindLiveObjects: 0.093100 ms CreateObjectMapping: 0.025600 ms MarkObjects: 1.078600 ms  DeleteObjects: 0.011300 ms)

AssetImportWorkerClient::OnTransportError - code=2 error=End of file
